Removed Pin From Net: NetName=NetG1_1 Pin=G4-1
Removed Pin From Net: NetName=NetG1_2 Pin=G4-2
Removed Pin From Net: NetName=NetG1_1 Pin=G5-1
Removed Pin From Net: NetName=NetG1_2 Pin=G5-2
Removed Pin From Net: NetName=NetG1_1 Pin=G6-1
Removed Pin From Net: NetName=NetG1_2 Pin=G6-2
Added Pin To Net: NetName=GND Pin=G1-4
Added Pin To Net: NetName=GND Pin=G2-4
Added Pin To Net: NetName=GND Pin=G3-4
Added Pin To Net: NetName=A6 Pin=G4-1
Added Pin To Net: NetName=A7 Pin=G4-2
Added Pin To Net: NetName=GND Pin=G4-4
Added Pin To Net: NetName=A2 Pin=G5-1
Added Pin To Net: NetName=A3 Pin=G5-2
Added Pin To Net: NetName=GND Pin=G5-4
Added Pin To Net: NetName=A0 Pin=G6-1
Added Pin To Net: NetName=A1 Pin=G6-2
Added Pin To Net: NetName=GND Pin=G6-4
Added Pin To Net: NetName=NetG1_3 Pin=U?-2
Added Pin To Net: NetName=NetG1_2 Pin=U?-8
Added Pin To Net: NetName=NetG1_1 Pin=U?-9
Change Net Name : Old Net Name=NetG1_1 New Net Name=SCL
Change Net Name : Old Net Name=NetG1_2 New Net Name=SDA
Change Net Name : Old Net Name=NetG1_3 New Net Name=3V3
